<?xml version="1.0" encoding="UTF-8"?>
<!-- Generated by org.testng.reporters.JUnitXMLReporter -->
<testsuite hostname="HIPUNL145689" name="USERS_API_Result" tests="8" failures="1" timestamp="11 Aug 2020 06:16:54 GMT" time="21.961" errors="0">
  <testcase name="getList_Users" time="7.176" classname="com.NotificationDetails.TC001_Get_Notification_Users"/>
  <testcase name="post_New_Users" time="0.165" classname="com.NotificationDetails.TC002_Post_Notification_Users"/>
  <testcase name="put_New_Users" time="0.082" classname="com.NotificationDetails.TC003_PUT_Notification_Users"/>
  <testcase name="callNotificationAPI" time="3.065" classname="com.NotificationDetails.TC004_Get_One_Notification_Details"/>
  <testcase name="retrieveNotificationDetails" time="3.073" classname="com.NotificationDetails.TC004_Get_One_Notification_Details"/>
  <testcase name="callNotificationAPI" time="3.058" classname="com.NotificationDetails.TC005_Delete_Notification_Details"/>
  <testcase name="retrieveNotificationDetails" time="3.096" classname="com.NotificationDetails.TC005_Delete_Notification_Details"/>
  <testcase name="post_New_Users" time="0.156" classname="com.DriverProfile.TC001_Post_DriverRegistration">
    <failure type="io.restassured.path.json.exception.JsonPathException" message="Failed to parse the JSON document">
      <![CDATA[io.restassured.path.json.exception.JsonPathException: Failed to parse the JSON document
	at io.restassured.path.json.JsonPath$ExceptionCatcher.invoke(JsonPath.java:1002)
	at io.restassured.path.json.JsonPath$4.doParseWith(JsonPath.java:967)
	at io.restassured.path.json.JsonPath$JsonParser.parseWith(JsonPath.java:1047)
	at io.restassured.path.json.JsonPath.get(JsonPath.java:202)
	at io.restassured.path.json.JsonPath.getString(JsonPath.java:352)
	at com.RestUtility.Helper.validate_Post_Json_ResponseBody(Helper.java:119)
	at com.DriverProfile.TC001_Post_DriverRegistration.post_New_Users(TC001_Post_DriverRegistration.java:58)
Caused by: groovy.json.JsonException: Lexing failed on line: 1, column: 1, while reading 'm', no possible valid JSON value or punctuation could be recognized.
	at groovy.json.JsonLexer.nextToken(JsonLexer.java:86)
	at groovy.json.JsonLexer$nextToken.call(Unknown Source)
	at org.codehaus.groovy.runtime.callsite.CallSiteArray.defaultCall(CallSiteArray.java:47)
	at org.codehaus.groovy.runtime.callsite.AbstractCallSite.call(AbstractCallSite.java:125)
	at org.codehaus.groovy.runtime.callsite.AbstractCallSite.call(AbstractCallSite.java:130)
	at io.restassured.internal.path.json.ConfigurableJsonSlurper.parse(ConfigurableJsonSlurper.groovy:97)
	at io.restassured.internal.path.json.ConfigurableJsonSlurper$parse.callCurrent(Unknown Source)
	at org.codehaus.groovy.runtime.callsite.CallSiteArray.defaultCallCurrent(CallSiteArray.java:51)
	at org.codehaus.groovy.runtime.callsite.AbstractCallSite.callCurrent(AbstractCallSite.java:171)
	at org.codehaus.groovy.runtime.callsite.AbstractCallSite.callCurrent(AbstractCallSite.java:185)
	at io.restassured.internal.path.json.ConfigurableJsonSlurper.parseText(ConfigurableJsonSlurper.groovy:83)
	at io.restassured.path.json.JsonPath$4$1.method(JsonPath.java:965)
	at io.restassured.path.json.JsonPath$ExceptionCatcher.invoke(JsonPath.java:1000)
	... 34 more
... Removed 28 stack frames]]>
    </failure>
  </testcase> <!-- post_New_Users -->
</testsuite> <!-- USERS_API_Result -->
