<?xml version="1.0" encoding="UTF-8"?>
<!-- Generated by org.testng.reporters.JUnitXMLReporter -->
<testsuite hostname="HIPUNL145689" name="Default test" tests="3" failures="0" timestamp="28 Jul 2020 14:01:02 GMT" time="15.728" errors="0">
  <testcase name="getList_Users" time="11.753" classname="com.NotificationDetails.TC001_Get_Notification_Users"/>
  <testcase name="post_New_Users" time="0.226" classname="com.NotificationDetails.TC001_Get_Notification_Users"/>
  <testcase name="put_New_Users" time="0.11" classname="com.NotificationDetails.TC001_Get_Notification_Users"/>
</testsuite> <!-- Default test -->
