<?xml version="1.0" encoding="UTF-8"?>
<!-- Generated by org.testng.reporters.JUnitXMLReporter -->
<testsuite hostname="HIPUNL145689" name="Default test" tests="3" failures="0" timestamp="11 Aug 2020 13:11:26 GMT" time="6.426" errors="0">
  <testcase name="post_drierVerify_EmptyData" time="3.289" classname="com.DriverProfile.TC002_Post_DriverVerify"/>
  <testcase name="post_drierVerify_Invalid_UNM_PWD" time="0.068" classname="com.DriverProfile.TC002_Post_DriverVerify"/>
  <testcase name="post_drierVerify_Valid_UNM_PWD" time="1.646" classname="com.DriverProfile.TC002_Post_DriverVerify"/>
</testsuite> <!-- Default test -->
