<?xml version="1.0" encoding="UTF-8"?>
<!-- Generated by org.testng.reporters.JUnitXMLReporter -->
<testsuite hostname="HIPUNL145689" name="USERS_API_Result" tests="3" failures="0" timestamp="4 Aug 2020 11:05:20 GMT" time="6.709" errors="0">
  <testcase name="getList_Users" time="5.868" classname="com.NotificationDetails.TC001_Get_Notification_Users"/>
  <testcase name="post_New_Users" time="0.088" classname="com.NotificationDetails.TC002_Post_Notification_Users"/>
  <testcase name="put_New_Users" time="0.052" classname="com.NotificationDetails.TC003_PUT_Notification_Users"/>
</testsuite> <!-- USERS_API_Result -->
