<?xml version="1.0" encoding="UTF-8"?>
<testsuite xmlns:xsi="http://www.w3.org/2001/XMLSchema-instance" xsi:noNamespaceSchemaLocation="https://maven.apache.org/surefire/maven-surefire-plugin/xsd/surefire-test-report.xsd" name="TestSuite" time="26.492" tests="8" errors="0" skipped="0" failures="1">
  <properties>
[...]
</properties>
  <testcase name="getList_Users" classname="com.NotificationDetails.TC001_Get_Notification_Users" time="7.176"/>
  <testcase name="post_New_Users" classname="com.NotificationDetails.TC002_Post_Notification_Users" time="0.17"/>
  <testcase name="put_New_Users" classname="com.NotificationDetails.TC003_PUT_Notification_Users" time="0.086"/>
  <testcase name="callNotificationAPI" classname="com.NotificationDetails.TC004_Get_One_Notification_Details" time="3.067"/>
  <testcase name="retrieveNotificationDetails" classname="com.NotificationDetails.TC004_Get_One_Notification_Details" time="3.075"/>
  <testcase name="callNotificationAPI" classname="com.NotificationDetails.TC005_Delete_Notification_Details" time="3.061"/>
  <testcase name="retrieveNotificationDetails" classname="com.NotificationDetails.TC005_Delete_Notification_Details" time="3.095"/>
  <testcase name="post_New_Users" classname="com.DriverProfile.TC001_Post_DriverRegistration" time="0.173">
    <failure message="Failed to parse the JSON document" type="io.restassured.path.json.exception.JsonPathException">io.restassured.path.json.exception.JsonPathException: Failed to parse the JSON document
	at com.DriverProfile.TC001_Post_DriverRegistration.post_New_Users(TC001_Post_DriverRegistration.java:58)
Caused by: groovy.json.JsonException: Lexing failed on line: 1, column: 1, while reading 'm', no possible valid JSON value or punctuation could be recognized.
	at com.DriverProfile.TC001_Post_DriverRegistration.post_New_Users(TC001_Post_DriverRegistration.java:58)
</failure>
    <system-out><![CDATA[2020-08-11 11:46:53,008 {yyyy-MM-dd HH:mm:ss} INFO  UsersRestAPI:105 - ***************Finished TC001_GET_List_USERS************************
2020-08-11 11:46:53,016 {yyyy-MM-dd HH:mm:ss} INFO  UsersRestAPI:40 - **************Started TC001_POST_Request__DriverRegistration***************
2020-08-11 11:46:53,080 {yyyy-MM-dd HH:mm:ss} INFO  UsersRestAPI:42 - **************Checking Response Body**************
2020-08-11 11:46:53,081 {yyyy-MM-dd HH:mm:ss} INFO  UsersRestAPI:47 - Response Body==>mobilenumber exist
Response Body Data=mobilenumber exist
]]></system-out>
  </testcase>
</testsuite>