<?xml version="1.0" encoding="UTF-8"?>
<testsuite xmlns:xsi="http://www.w3.org/2001/XMLSchema-instance" xsi:noNamespaceSchemaLocation="https://maven.apache.org/surefire/maven-surefire-plugin/xsd/surefire-test-report.xsd" name="TestSuite" time="30.168" tests="5" errors="0" skipped="0" failures="3">
  <properties>
[...]
</properties>
  <testcase name="getList_Users" classname="com.GETusersapi.testCases.TC001_Get_Single_Users" time="12.522">
    <failure type="java.lang.NumberFormatException:">java.lang.NumberFormatException: null
</failure>
    <system-out><![CDATA[The name of the testcase Started is :USERS_API_Result
The name of the testcase Started is :getList_Users
2020-05-19 18:09:58,347 {yyyy-MM-dd HH:mm:ss} INFO  UsersRestAPI:33 - **************Started TC001_Get_List_Users***************
2020-05-19 18:10:10,687 {yyyy-MM-dd HH:mm:ss} INFO  UsersRestAPI:11 - **************Checking Response Body**************
2020-05-19 18:10:10,774 {yyyy-MM-dd HH:mm:ss} INFO  UsersRestAPI:15 - Response Body==>{"data":{"id":4,"email":"eve.holt@reqres.in","first_name":"Eve","last_name":"Holt","avatar":"https://s3.amazonaws.com/uifaces/faces/twitter/marcoramires/128.jpg"},"ad":{"company":"StatusCode Weekly","url":"http://statuscode.org/","text":"A weekly newsletter focusing on software development, infrastructure, the server, performance, and the stack end of things."}}
Response Body valid
2020-05-19 18:10:10,792 {yyyy-MM-dd HH:mm:ss} INFO  UsersRestAPI:30 - **************Checking Status Code**************
2020-05-19 18:10:10,794 {yyyy-MM-dd HH:mm:ss} INFO  UsersRestAPI:33 - Status Code==>200
200 for OK with Body (Updated response)
2020-05-19 18:10:10,800 {yyyy-MM-dd HH:mm:ss} INFO  UsersRestAPI:89 - **************Checking Status Line**************
2020-05-19 18:10:10,802 {yyyy-MM-dd HH:mm:ss} INFO  UsersRestAPI:92 - Status line==>HTTP/1.1 200 OK
2020-05-19 18:10:10,803 {yyyy-MM-dd HH:mm:ss} INFO  UsersRestAPI:112 - **************Checking Content Type**************
2020-05-19 18:10:10,809 {yyyy-MM-dd HH:mm:ss} INFO  UsersRestAPI:115 - Content Type==>application/json; charset=utf-8
2020-05-19 18:10:10,810 {yyyy-MM-dd HH:mm:ss} INFO  UsersRestAPI:122 - **************Checking Server Type**************
2020-05-19 18:10:10,812 {yyyy-MM-dd HH:mm:ss} INFO  UsersRestAPI:125 - ServerType==>cloudflare
2020-05-19 18:10:10,815 {yyyy-MM-dd HH:mm:ss} INFO  UsersRestAPI:132 - **************Checking Server Type**************
2020-05-19 18:10:10,818 {yyyy-MM-dd HH:mm:ss} INFO  UsersRestAPI:135 - ContentEncoding==>gzip
2020-05-19 18:10:10,819 {yyyy-MM-dd HH:mm:ss} INFO  UsersRestAPI:142 - **************Checking Server Type**************
2020-05-19 18:10:10,820 {yyyy-MM-dd HH:mm:ss} INFO  UsersRestAPI:145 - ContentLength==>null
]]></system-out>
  </testcase>
  <testcase name="getSingle_Users" classname="com.GETusersapi.testCases.TC001_Get_Single_Users" time="4.265">
    <failure type="java.lang.NumberFormatException:">java.lang.NumberFormatException: null
	at com.GETusersapi.testCases.TC001_Get_Single_Users.getSingle_Users(TC001_Get_Single_Users.java:47)
</failure>
    <system-out><![CDATA[The name of the testcase Failed is :getList_Users
2020-05-19 18:10:10,865 {yyyy-MM-dd HH:mm:ss} INFO  UsersRestAPI:54 - ***************Finished TC001_GET_Single_USERS************************
The name of the testcase Started is :getSingle_Users
2020-05-19 18:10:10,893 {yyyy-MM-dd HH:mm:ss} INFO  UsersRestAPI:31 - **************Started TC001_Get_Single_Users***************
2020-05-19 18:10:15,120 {yyyy-MM-dd HH:mm:ss} INFO  UsersRestAPI:11 - **************Checking Response Body**************
2020-05-19 18:10:15,122 {yyyy-MM-dd HH:mm:ss} INFO  UsersRestAPI:15 - Response Body==>{"data":{"id":2,"email":"janet.weaver@reqres.in","first_name":"Janet","last_name":"Weaver","avatar":"https://s3.amazonaws.com/uifaces/faces/twitter/josephstein/128.jpg"},"ad":{"company":"StatusCode Weekly","url":"http://statuscode.org/","text":"A weekly newsletter focusing on software development, infrastructure, the server, performance, and the stack end of things."}}
2020-05-19 18:10:15,122 {yyyy-MM-dd HH:mm:ss} INFO  UsersRestAPI:30 - **************Checking Status Code**************
2020-05-19 18:10:15,123 {yyyy-MM-dd HH:mm:ss} INFO  UsersRestAPI:33 - Status Code==>200
200 for OK with Body (Updated response)
2020-05-19 18:10:15,124 {yyyy-MM-dd HH:mm:ss} INFO  UsersRestAPI:89 - **************Checking Status Line**************
2020-05-19 18:10:15,125 {yyyy-MM-dd HH:mm:ss} INFO  UsersRestAPI:92 - Status line==>HTTP/1.1 200 OK
2020-05-19 18:10:15,144 {yyyy-MM-dd HH:mm:ss} INFO  UsersRestAPI:112 - **************Checking Content Type**************
2020-05-19 18:10:15,144 {yyyy-MM-dd HH:mm:ss} INFO  UsersRestAPI:115 - Content Type==>application/json; charset=utf-8
2020-05-19 18:10:15,146 {yyyy-MM-dd HH:mm:ss} INFO  UsersRestAPI:122 - **************Checking Server Type**************
2020-05-19 18:10:15,147 {yyyy-MM-dd HH:mm:ss} INFO  UsersRestAPI:125 - ServerType==>cloudflare
2020-05-19 18:10:15,148 {yyyy-MM-dd HH:mm:ss} INFO  UsersRestAPI:132 - **************Checking Server Type**************
2020-05-19 18:10:15,149 {yyyy-MM-dd HH:mm:ss} INFO  UsersRestAPI:135 - ContentEncoding==>gzip
2020-05-19 18:10:15,150 {yyyy-MM-dd HH:mm:ss} INFO  UsersRestAPI:142 - **************Checking Server Type**************
2020-05-19 18:10:15,151 {yyyy-MM-dd HH:mm:ss} INFO  UsersRestAPI:145 - ContentLength==>null
]]></system-out>
  </testcase>
  <testcase name="post_New_Users" classname="com.POSTusersapi.testCases.TC002_Post_ALL_Users" time="0.606"/>
  <testcase name="post_New_Users" classname="com.POSTusersapi.testCases.TC002_Post_ALL_Users" time="0.508"/>
  <testcase name="post_New_Users" classname="com.POSTusersapi.testCases.TC002_Post_ALL_Users" time="0.495">
    <failure message="Connection reset" type="java.net.SocketException">java.net.SocketException: Connection reset
	at com.POSTusersapi.testCases.TC002_Post_ALL_Users.post_New_Users(TC002_Post_ALL_Users.java:38)
</failure>
    <system-out><![CDATA[The name of the testcase Succeses is :post_New_Users
2020-05-19 18:10:16,307 {yyyy-MM-dd HH:mm:ss} INFO  UsersRestAPI:61 - ***************Finished TC001_GET_ALL_USERS************************
The name of the testcase Started is :post_New_Users
2020-05-19 18:10:16,311 {yyyy-MM-dd HH:mm:ss} INFO  UsersRestAPI:29 - **************Started TC002_POST_Request_ALL_Users***************
]]></system-out>
  </testcase>
</testsuite>