<?xml version="1.0" encoding="UTF-8"?>
<testng-results skipped="0" failed="0" total="3" passed="3">
  <reporter-output>
  </reporter-output>
  <suite name="Default suite" duration-ms="6426" started-at="2020-08-11T13:11:20Z" finished-at="2020-08-11T13:11:26Z">
    <groups>
    </groups>
    <test name="Default test" duration-ms="6426" started-at="2020-08-11T13:11:20Z" finished-at="2020-08-11T13:11:26Z">
      <class name="com.DriverProfile.TC002_Post_DriverVerify">
        <test-method status="PASS" signature="setup()[pri:0, instance:com.DriverProfile.TC002_Post_DriverVerify@544fa968]" name="setup" is-config="true" duration-ms="165" started-at="2020-08-11T18:41:20Z" finished-at="2020-08-11T18:41:20Z">
          <reporter-output>
          </reporter-output>
        </test-method> <!-- setup -->
        <test-method status="PASS" signature="post_drierVerify_EmptyData()[pri:0, instance:com.DriverProfile.TC002_Post_DriverVerify@544fa968]" name="post_drierVerify_EmptyData" duration-ms="3289" started-at="2020-08-11T18:41:20Z" finished-at="2020-08-11T18:41:23Z">
          <reporter-output>
          </reporter-output>
        </test-method> <!-- post_drierVerify_EmptyData -->
        <test-method status="PASS" signature="tearDown(org.testng.ITestResult)[pri:0, instance:com.DriverProfile.TC002_Post_DriverVerify@544fa968]" name="tearDown" is-config="true" duration-ms="16" started-at="2020-08-11T18:41:23Z" finished-at="2020-08-11T18:41:23Z">
          <params>
            <param index="0">
              <value>
                <![CDATA[[TestResult name=post_drierVerify_EmptyData status=SUCCESS method=TC002_Post_DriverVerify.post_drierVerify_EmptyData()[pri:0, instance:com.DriverProfile.TC002_Post_DriverVerify@544fa968] output={null}]]]>
              </value>
            </param>
          </params>
          <reporter-output>
          </reporter-output>
        </test-method> <!-- tearDown -->
        <test-method status="PASS" signature="post_drierVerify_Invalid_UNM_PWD()[pri:1, instance:com.DriverProfile.TC002_Post_DriverVerify@544fa968]" name="post_drierVerify_Invalid_UNM_PWD" duration-ms="68" started-at="2020-08-11T18:41:23Z" finished-at="2020-08-11T18:41:23Z">
          <reporter-output>
          </reporter-output>
        </test-method> <!-- post_drierVerify_Invalid_UNM_PWD -->
        <test-method status="PASS" signature="tearDown(org.testng.ITestResult)[pri:0, instance:com.DriverProfile.TC002_Post_DriverVerify@544fa968]" name="tearDown" is-config="true" duration-ms="4" started-at="2020-08-11T18:41:23Z" finished-at="2020-08-11T18:41:23Z">
          <params>
            <param index="0">
              <value>
                <![CDATA[[TestResult name=post_drierVerify_Invalid_UNM_PWD status=SUCCESS method=TC002_Post_DriverVerify.post_drierVerify_Invalid_UNM_PWD()[pri:1, instance:com.DriverProfile.TC002_Post_DriverVerify@544fa968] output={null}]]]>
              </value>
            </param>
          </params>
          <reporter-output>
          </reporter-output>
        </test-method> <!-- tearDown -->
        <test-method status="PASS" signature="post_drierVerify_Valid_UNM_PWD()[pri:2, instance:com.DriverProfile.TC002_Post_DriverVerify@544fa968]" name="post_drierVerify_Valid_UNM_PWD" duration-ms="1646" started-at="2020-08-11T18:41:23Z" finished-at="2020-08-11T18:41:25Z">
          <reporter-output>
          </reporter-output>
        </test-method> <!-- post_drierVerify_Valid_UNM_PWD -->
        <test-method status="PASS" signature="tearDown(org.testng.ITestResult)[pri:0, instance:com.DriverProfile.TC002_Post_DriverVerify@544fa968]" name="tearDown" is-config="true" duration-ms="2" started-at="2020-08-11T18:41:25Z" finished-at="2020-08-11T18:41:25Z">
          <params>
            <param index="0">
              <value>
                <![CDATA[[TestResult name=post_drierVerify_Valid_UNM_PWD status=SUCCESS method=TC002_Post_DriverVerify.post_drierVerify_Valid_UNM_PWD()[pri:2, instance:com.DriverProfile.TC002_Post_DriverVerify@544fa968] output={null}]]]>
              </value>
            </param>
          </params>
          <reporter-output>
          </reporter-output>
        </test-method> <!-- tearDown -->
        <test-method status="PASS" signature="endReport()[pri:0, instance:com.DriverProfile.TC002_Post_DriverVerify@544fa968]" name="endReport" is-config="true" duration-ms="1213" started-at="2020-08-11T18:41:25Z" finished-at="2020-08-11T18:41:26Z">
          <reporter-output>
          </reporter-output>
        </test-method> <!-- endReport -->
      </class> <!-- com.DriverProfile.TC002_Post_DriverVerify -->
    </test> <!-- Default test -->
  </suite> <!-- Default suite -->
</testng-results>
